0 info it worked if it ends with ok
1 verbose cli [ 'C:\\Program Files (x86)\\nodejs\\node.exe',
1 verbose cli   'C:\\Program Files (x86)\\nodejs\\node_modules\\npm\\bin\\npm-cli.js',
1 verbose cli   'publish' ]
2 info using npm@3.10.8
3 info using node@v6.9.1
4 verbose publish [ '.' ]
5 silly cache add args [ '.', null ]
6 verbose cache add spec .
7 silly cache add parsed spec Result {
7 silly cache add   raw: '.',
7 silly cache add   scope: null,
7 silly cache add   escapedName: null,
7 silly cache add   name: null,
7 silly cache add   rawSpec: '.',
7 silly cache add   spec: 'C:\\Users\\sivaraj.nagaraj\\Documents\\LIVE\\TEMP\\git\\react-native-photo-grid-frame',
7 silly cache add   type: 'directory' }
8 verbose addLocalDirectory C:\Users\sivaraj.nagaraj\AppData\Roaming\npm-cache\react-native-photo-grid-frame\1.0.0\package.tgz not in flight; packing
9 verbose correctMkdir C:\Users\sivaraj.nagaraj\AppData\Roaming\npm-cache correctMkdir not in flight; initializing
10 info lifecycle react-native-photo-grid-frame@1.0.0~prepublish: react-native-photo-grid-frame@1.0.0
11 silly lifecycle react-native-photo-grid-frame@1.0.0~prepublish: no script for prepublish, continuing
12 verbose tar pack [ 'C:\\Users\\sivaraj.nagaraj\\AppData\\Roaming\\npm-cache\\react-native-photo-grid-frame\\1.0.0\\package.tgz',
12 verbose tar pack   'C:\\Users\\sivaraj.nagaraj\\Documents\\LIVE\\TEMP\\git\\react-native-photo-grid-frame' ]
13 verbose tarball C:\Users\sivaraj.nagaraj\AppData\Roaming\npm-cache\react-native-photo-grid-frame\1.0.0\package.tgz
14 verbose folder C:\Users\sivaraj.nagaraj\Documents\LIVE\TEMP\git\react-native-photo-grid-frame
15 verbose addLocalTarball adding from inside cache C:\Users\sivaraj.nagaraj\AppData\Roaming\npm-cache\react-native-photo-grid-frame\1.0.0\package.tgz
16 verbose correctMkdir C:\Users\sivaraj.nagaraj\AppData\Roaming\npm-cache correctMkdir not in flight; initializing
17 silly cache afterAdd react-native-photo-grid-frame@1.0.0
18 verbose afterAdd C:\Users\sivaraj.nagaraj\AppData\Roaming\npm-cache\react-native-photo-grid-frame\1.0.0\package\package.json not in flight; writing
19 verbose correctMkdir C:\Users\sivaraj.nagaraj\AppData\Roaming\npm-cache correctMkdir not in flight; initializing
20 verbose afterAdd C:\Users\sivaraj.nagaraj\AppData\Roaming\npm-cache\react-native-photo-grid-frame\1.0.0\package\package.json written
21 silly publish { name: 'react-native-photo-grid-frame',
21 silly publish   version: '1.0.0',
21 silly publish   description: 'React Native component that builds a grid of photos with a Dynamic Photo Size',
21 silly publish   main: 'PhotoGrid.js',
21 silly publish   scripts: { test: 'echo "Error: no test specified" && exit 1' },
21 silly publish   dependencies: { lodash: '^4.17.4' },
21 silly publish   repository:
21 silly publish    { type: 'git',
21 silly publish      url: 'git+ssh://git@github.com/sivarajng/react-native-photo-grid-frame.git' },
21 silly publish   keywords: [ 'react-native', 'photo', 'grid', 'frame' ],
21 silly publish   author: { name: 'Sivaraj Nagaraj' },
21 silly publish   license: 'MIT',
21 silly publish   bugs: { url: 'https://github.com/sivarajng/react-native-photo-grid-frame/issues' },
21 silly publish   homepage: 'https://github.com/sivarajng/react-native-photo-grid-frame#readme',
21 silly publish   readme: '# react-native-photo-grid-frame\r\nReact Native component that builds a grid of photos with a Dynamic Photo Size\r\n\r\n## Install\r\n\r\n`npm install react-native-photo-grid-frame --save`\r\n\r\n## Screenshots\r\n![alt text](https://raw.githubusercontent.com/sivarajng/react-native-photo-grid-frame/master/images/screenshot1.png)\r\n![alt text](https://raw.githubusercontent.com/sivarajng/react-native-photo-grid-frame/master/images/screenshot2.png)\r\n![alt text](https://raw.githubusercontent.com/sivarajng/react-native-photo-grid-frame/master/images/screenshot3.png)\r\n## Usage\r\n\r\n```\r\n/**\r\n * Sample React Native App\r\n * https://github.com/facebook/react-native\r\n * @flow\r\n */\r\nimport React, { Component } from \'react\';\r\nimport {\r\n  AppRegistry,\r\n  ScrollView\r\n} from \'react-native\';\r\nimport { PhotoGrid } from \'./PhotoGrid\';\r\nimport Photos from \'./Photos\';\r\n\r\n\r\nexport default class photoGrid extends Component {\r\n  render() {\r\n    return (\r\n      <ScrollView>\r\n        <PhotoGrid PhotosList={Photos} borderRadius={10}/>\r\n      </ScrollView>\r\n    );\r\n  }\r\n}\r\n\r\nAppRegistry.registerComponent(\'photoGrid\', () => photoGrid);\r\n```',
21 silly publish   readmeFilename: 'README.md',
21 silly publish   gitHead: '73f1d4424392a1d212ee023cf45291d226e4e819',
21 silly publish   _id: 'react-native-photo-grid-frame@1.0.0',
21 silly publish   _shasum: '04fbccd7e0e5821f951e7160789cfd1a1b77edca',
21 silly publish   _from: '.' }
22 verbose getPublishConfig undefined
23 silly mapToRegistry name react-native-photo-grid-frame
24 silly mapToRegistry using default registry
25 silly mapToRegistry registry https://registry.npmjs.org/
26 silly mapToRegistry data Result {
26 silly mapToRegistry   raw: 'react-native-photo-grid-frame',
26 silly mapToRegistry   scope: null,
26 silly mapToRegistry   escapedName: 'react-native-photo-grid-frame',
26 silly mapToRegistry   name: 'react-native-photo-grid-frame',
26 silly mapToRegistry   rawSpec: '',
26 silly mapToRegistry   spec: 'latest',
26 silly mapToRegistry   type: 'tag' }
27 silly mapToRegistry uri https://registry.npmjs.org/react-native-photo-grid-frame
28 verbose publish registryBase https://registry.npmjs.org/
29 silly publish uploading C:\Users\sivaraj.nagaraj\AppData\Roaming\npm-cache\react-native-photo-grid-frame\1.0.0\package.tgz
30 verbose request uri https://registry.npmjs.org/react-native-photo-grid-frame
31 verbose request sending authorization for write operation
32 info attempt registry request try #1 at 2:50:09 PM
33 verbose request using bearer token for auth
34 verbose request id 390e1aebf261f405
35 http request PUT https://registry.npmjs.org/react-native-photo-grid-frame
36 http 403 https://registry.npmjs.org/react-native-photo-grid-frame
37 verbose headers { 'content-type': 'application/json',
37 verbose headers   'cache-control': 'max-age=300',
37 verbose headers   'content-length': '95',
37 verbose headers   'accept-ranges': 'bytes',
37 verbose headers   date: 'Wed, 14 Jun 2017 09:20:16 GMT',
37 verbose headers   via: '1.1 varnish',
37 verbose headers   connection: 'keep-alive',
37 verbose headers   'x-served-by': 'cache-sin18033-SIN',
37 verbose headers   'x-cache': 'MISS',
37 verbose headers   'x-cache-hits': '0',
37 verbose headers   'x-timer': 'S1497432010.703166,VS0,VE6499',
37 verbose headers   vary: 'Accept-Encoding' }
38 verbose request invalidating C:\Users\sivaraj.nagaraj\AppData\Roaming\npm-cache\registry.npmjs.org\react-native-photo-grid-frame on PUT
39 error publish Failed PUT 403
40 verbose stack Error: "You cannot publish over the previously published version 1.0.0." : react-native-photo-grid-frame
40 verbose stack     at makeError (C:\Program Files (x86)\nodejs\node_modules\npm\node_modules\npm-registry-client\lib\request.js:302:12)
40 verbose stack     at CachingRegistryClient.<anonymous> (C:\Program Files (x86)\nodejs\node_modules\npm\node_modules\npm-registry-client\lib\request.js:290:14)
40 verbose stack     at Request._callback (C:\Program Files (x86)\nodejs\node_modules\npm\node_modules\npm-registry-client\lib\request.js:210:14)
40 verbose stack     at Request.self.callback (C:\Program Files (x86)\nodejs\node_modules\npm\node_modules\request\request.js:187:22)
40 verbose stack     at emitTwo (events.js:106:13)
40 verbose stack     at Request.emit (events.js:191:7)
40 verbose stack     at Request.<anonymous> (C:\Program Files (x86)\nodejs\node_modules\npm\node_modules\request\request.js:1044:10)
40 verbose stack     at emitOne (events.js:96:13)
40 verbose stack     at Request.emit (events.js:188:7)
40 verbose stack     at IncomingMessage.<anonymous> (C:\Program Files (x86)\nodejs\node_modules\npm\node_modules\request\request.js:965:12)
41 verbose statusCode 403
42 verbose pkgid react-native-photo-grid-frame
43 verbose cwd C:\Users\sivaraj.nagaraj\Documents\LIVE\TEMP\git\react-native-photo-grid-frame
44 error Windows_NT 10.0.14393
45 error argv "C:\\Program Files (x86)\\nodejs\\node.exe" "C:\\Program Files (x86)\\nodejs\\node_modules\\npm\\bin\\npm-cli.js" "publish"
46 error node v6.9.1
47 error npm  v3.10.8
48 error code E403
49 error "You cannot publish over the previously published version 1.0.0." : react-native-photo-grid-frame
50 error If you need help, you may report this error at:
50 error     <https://github.com/npm/npm/issues>
51 verbose exit [ 1, true ]
